<?xml version="1.0" encoding="UTF-8"?>
<!-- Generated by org.testng.reporters.JUnitReportReporter -->
<testsuite hostname="sakshi" failures="0" tests="2" name="coverFoxTest.CoverFoxListener" time="8.134" errors="0" timestamp="2024-08-12T07:07:10 IST" skipped="0">
  <testcase classname="coverFoxTest.CoverFoxListener" name="ChecksortPlan" time="4.066">
    <system-out>
      <![CDATA[nullTC execution started]]>
    </system-out>
  </testcase> <!-- ChecksortPlan -->
  <testcase classname="coverFoxTest.CoverFoxListener" name="validationBanners" time="4.068">
    <system-out>
      <![CDATA[nullTC execution started]]>
    </system-out>
  </testcase> <!-- validationBanners -->
  <system-out>
    <![CDATA[lauching browser
waiting...
click on male button
clickOnnextButton
age is selected
click on next button
reading pincode
reading mobile number
clickOnContinueButton
nullTC execution started
nullTC execution started]]>
  </system-out>
</testsuite> <!-- coverFoxTest.CoverFoxListener -->
